\BOOKMARK [0][]{section*.1}{\376\377\000\315\000n\000d\000i\000c\000e}{}% 1
\BOOKMARK [0][]{chapter.1}{\376\377\000C\000u\000r\000v\000a\000s}{}% 2
\BOOKMARK [1][]{section.1.1}{\376\377\000T\000r\000e\000s\000\040\000c\000u\000r\000v\000a\000s}{chapter.1}% 3
\BOOKMARK [1][]{section.1.2}{\376\377\000E\000v\000o\000l\000u\000t\000a}{chapter.1}% 4
\BOOKMARK [1][]{section.1.3}{\376\377\000P\000o\000d\000a\000r\000i\000a}{chapter.1}% 5
\BOOKMARK [1][]{section.1.4}{\376\377\000P\000a\000r\000a\000l\000e\000l\000a}{chapter.1}% 6
\BOOKMARK [0][]{chapter.2}{\376\377\000S\000u\000p\000e\000r\000f\000i\000c\000i\000e\000s}{}% 7
\BOOKMARK [1][]{section.2.1}{\376\377\000P\000r\000i\000m\000e\000r\000o\000s\000\040\000e\000j\000e\000m\000p\000l\000o\000s}{chapter.2}% 8
\BOOKMARK [1][]{section.2.2}{\376\377\000P\000r\000i\000m\000e\000r\000a\000\040\000f\000o\000r\000m\000a\000\040\000f\000u\000n\000d\000a\000m\000e\000n\000t\000a\000l}{chapter.2}% 9
\BOOKMARK [1][]{section.2.3}{\376\377\000L\000o\000n\000g\000i\000t\000u\000d\000e\000s\000\040\000d\000e\000\040\000c\000u\000r\000v\000a\000s}{chapter.2}% 10
\BOOKMARK [1][]{section.2.4}{\376\377\000\301\000r\000e\000a\000s}{chapter.2}% 11
\BOOKMARK [1][]{section.2.5}{\376\377\000I\000s\000o\000m\000e\000t\000r\000\355\000a\000s}{chapter.2}% 12
\BOOKMARK [1][]{section.2.6}{\376\377\000T\000r\000a\000n\000s\000f\000o\000r\000m\000a\000c\000i\000o\000n\000e\000s\000\040\000c\000o\000n\000f\000o\000r\000m\000e\000s}{chapter.2}% 13
\BOOKMARK [0][]{chapter.3}{\376\377\000L\000a\000\040\000a\000p\000l\000i\000c\000a\000c\000i\000\363\000n\000\040\000d\000e\000\040\000G\000a\000u\000s\000s}{}% 14
\BOOKMARK [1][]{section.3.1}{\376\377\000E\000n\000\040\000c\000o\000o\000r\000d\000e\000n\000a\000d\000a\000s\000\040\000l\000o\000c\000a\000l\000e\000s}{chapter.3}% 15
\BOOKMARK [1][]{section.3.2}{\376\377\000E\000l\000\040\000t\000e\000o\000r\000e\000m\000a\000\040\000d\000e\000\040\000G\000a\000u\000u\000s}{chapter.3}% 16
\BOOKMARK [2][]{subsection.3.2.1}{\376\377\000L\000o\000s\000\040\000s\000\355\000m\000b\000o\000l\000o\000s\000\040\000d\000e\000\040\000C\000h\000r\000i\000s\000t\000o\000f\000f\000e\000l}{section.3.2}% 17
\BOOKMARK [2][]{subsection.3.2.2}{\376\377\000L\000o\000s\000\040\000s\000\355\000m\000b\000o\000l\000o\000s\000\040\000d\000e\000\040\000C\000h\000r\000i\000s\000t\000o\000f\000f\000e\000l\000\040\000d\000e\000\040\000u\000n\000a\000\040\000s\000u\000p\000e\000r\000f\000i\000c\000i\000e\000\040\000d\000e\000\040\000r\000e\000v\000o\000l\000u\000c\000i\000\363\000n}{section.3.2}% 18
\BOOKMARK [1][]{section.3.3}{\376\377\000C\000a\000m\000p\000o\000s\000\040\000v\000e\000c\000t\000o\000r\000i\000a\000l\000e\000s\000\040\000y\000\040\000g\000e\000o\000d\000\351\000s\000i\000c\000a\000s}{chapter.3}% 19
\BOOKMARK [2][]{subsection.3.3.1}{\376\377\000C\000a\000m\000p\000o\000s\000\040\000v\000e\000c\000t\000o\000r\000i\000a\000l\000e\000s\000\040\000p\000a\000r\000a\000l\000e\000l\000o\000s}{section.3.3}% 20
\BOOKMARK [2][]{subsection.3.3.2}{\376\377\000E\000x\000t\000r\000a\000:\000\040\000d\000o\000s\000\040\000f\000\363\000r\000m\000u\000l\000a\000s\000\040\000d\000e\000\040\000g\000e\000o\000m\000e\000t\000r\000\355\000a\000\040\000R\000i\000e\000m\000a\000n\000n\000i\000a\000n\000a}{section.3.3}% 21
\BOOKMARK [1][]{section.3.4}{\376\377\000T\000r\000a\000n\000s\000p\000o\000r\000t\000e\000\040\000p\000a\000r\000a\000l\000e\000l\000o}{chapter.3}% 22
\BOOKMARK [1][]{section.3.5}{\376\377\000G\000e\000o\000d\000\351\000s\000i\000c\000a\000s}{chapter.3}% 23
\BOOKMARK [2][]{subsection.3.5.1}{\376\377\000E\000n\000\040\000c\000o\000o\000r\000d\000e\000n\000a\000d\000a\000s\000\040\000l\000o\000c\000a\000l\000e\000s}{section.3.5}% 24
\BOOKMARK [2][]{subsection.3.5.2}{\376\377\000L\000a\000s\000\040\000g\000e\000o\000d\000\351\000s\000i\000c\000a\000s\000\040\000e\000n\000\040\000u\000n\000a\000\040\000s\000u\000p\000e\000r\000f\000i\000c\000i\000e\000\040\000d\000e\000\040\000r\000e\000v\000o\000l\000u\000c\000i\000\363\000n}{section.3.5}% 25
\BOOKMARK [2][]{subsection.3.5.3}{\376\377\000C\000u\000r\000v\000a\000t\000u\000r\000a\000\040\000g\000e\000o\000d\000\351\000s\000i\000c\000a}{section.3.5}% 26
\BOOKMARK [1][]{section.3.6}{\376\377\000E\000l\000\040\000t\000e\000o\000r\000e\000m\000a\000\040\000d\000e\000\040\000G\000a\000u\000s\000s\000-\000B\000o\000n\000n\000e\000t}{chapter.3}% 27
\BOOKMARK [2][]{subsection.3.6.1}{\376\377\000I\000m\000p\000l\000i\000c\000a\000c\000i\000o\000n\000e\000s}{section.3.6}% 28
\BOOKMARK [0][]{chapter.4}{\376\377\000R\000e\000f\000e\000r\000e\000n\000c\000i\000a\000s}{}% 29
